<?xml version="1.0" encoding="UTF-8"?>
<!-- Generated by org.testng.reporters.JUnitXMLReporter -->
<testsuite hostname="DESKTOP-QUFA5SU" ignored="0" name="Sanitytest" tests="2" failures="1" timestamp="18 Mar 2020 11:29:14 GMT" time="209.033" errors="0">
  <testcase name="feature" time="151.135" classname="com.qa.runner.TestRunner"/>
  <testcase name="feature" time="57.652" classname="com.qa.runner.TestRunner">
    <failure type="cucumber.runtime.CucumberException" message="java.lang.AssertionError: expected [Automation | Broker Quick Actions] but found [Automation | Login]">
      <![CDATA[cucumber.runtime.CucumberException: java.lang.AssertionError: expected [Automation | Broker Quick Actions] but found [Automation | Login]
at cucumber.api.testng.TestNGCucumberRunner.runCucumber(TestNGCucumberRunner.java:69)
at com.qa.runner.TestRunner.feature(TestRunner.java:44)
Caused by: java.lang.AssertionError: expected [Automation | Broker Quick Actions] but found [Automation | Login]
at com.qa.stepDefinitions.HomePageSteps.user_is_in_homepage(HomePageSteps.java:46)
at ✽.Given User is in homepage(02AdminHomePage.feature:6)
... Removed 35 stack frames]]>
    </failure>
  </testcase> <!-- feature -->
</testsuite> <!-- Sanitytest -->
