<?xml version="1.0" encoding="UTF-8"?>
<!-- Generated by org.testng.reporters.JUnitXMLReporter -->
<testsuite hostname="DESKTOP-QUFA5SU" ignored="0" name="Sanitytest" tests="2" failures="2" timestamp="19 Mar 2020 17:13:29 GMT" time="111.298" errors="0">
  <testcase name="feature" time="95.47" classname="com.qa.runner.TestRunner">
    <failure type="cucumber.runtime.CucumberException" message="org.openqa.selenium.SessionNotCreatedException: session not created
from chrome not reachable
  (Session info: chrome=80.0.3987.132)
Build info: version: &amp;apos;3.141.59&amp;apos;, revision: &amp;apos;e82be7d358&amp;apos;, time: &amp;apos;2018-11-14T08:17:03&amp;apos;
System info: host: &amp;apos;DESKTOP-QUFA5SU&amp;apos;, ip: &amp;apos;192.168.1.8&amp;apos;, os.name: &amp;apos;Windows 10&amp;apos;, os.arch: &amp;apos;amd64&amp;apos;, os.version: &amp;apos;10.0&amp;apos;, java.version: &amp;apos;1.8.0_161&amp;apos;
Driver info: driver.version: ChromeDriver
remote stacktrace: Backtrace:
	Ordinal0 [0x00A90C83+1707139]
	Ordinal0 [0x009F68F1+1075441]
	Ordinal0 [0x0096DE72+515698]
	Ordinal0 [0x00967CA8+490664]
	Ordinal0 [0x0096839B+492443]
	Ordinal0 [0x009692F5+496373]
	Ordinal0 [0x00964F05+478981]
	Ordinal0 [0x0096ECA0+519328]
	Ordinal0 [0x0091CA67+182887]
	Ordinal0 [0x0091BDDD+179677]
	Ordinal0 [0x00919D4B+171339]
	Ordinal0 [0x00901D4A+73034]
	Ordinal0 [0x00902DC0+77248]
	Ordinal0 [0x00902D59+77145]
	Ordinal0 [0x00A0BB67+1162087]
	GetHandleVerifier [0x00B2A966+508998]
	GetHandleVerifier [0x00B2A6A4+508292]
	GetHandleVerifier [0x00B3F7B7+594583]
	GetHandleVerifier [0x00B2B1D6+511158]
	Ordinal0 [0x00A0402C+1130540]
	Ordinal0 [0x00A0D4CB+1168587]
	Ordinal0 [0x00A0D633+1168947]
	Ordinal0 [0x00A25B35+1268533]
	BaseThreadInitThunk [0x75886359+25]
	RtlGetAppContainerNamedObjectPath [0x76FB7B74+228]
	RtlGetAppContainerNamedObjectPath [0x76FB7B44+180]
">
      <![CDATA[cucumber.runtime.CucumberException: org.openqa.selenium.SessionNotCreatedException: session not created
from chrome not reachable
  (Session info: chrome=80.0.3987.132)
Build info: version: '3.141.59', revision: 'e82be7d358', time: '2018-11-14T08:17:03'
System info: host: 'DESKTOP-QUFA5SU', ip: '192.168.1.8', os.name: 'Windows 10', os.arch: 'amd64', os.version: '10.0', java.version: '1.8.0_161'
Driver info: driver.version: ChromeDriver
remote stacktrace: Backtrace:
Ordinal0 [0x00A90C83+1707139]
Ordinal0 [0x009F68F1+1075441]
Ordinal0 [0x0096DE72+515698]
Ordinal0 [0x00967CA8+490664]
Ordinal0 [0x0096839B+492443]
Ordinal0 [0x009692F5+496373]
Ordinal0 [0x00964F05+478981]
Ordinal0 [0x0096ECA0+519328]
Ordinal0 [0x0091CA67+182887]
Ordinal0 [0x0091BDDD+179677]
Ordinal0 [0x00919D4B+171339]
Ordinal0 [0x00901D4A+73034]
Ordinal0 [0x00902DC0+77248]
Ordinal0 [0x00902D59+77145]
Ordinal0 [0x00A0BB67+1162087]
GetHandleVerifier [0x00B2A966+508998]
GetHandleVerifier [0x00B2A6A4+508292]
GetHandleVerifier [0x00B3F7B7+594583]
GetHandleVerifier [0x00B2B1D6+511158]
Ordinal0 [0x00A0402C+1130540]
Ordinal0 [0x00A0D4CB+1168587]
Ordinal0 [0x00A0D633+1168947]
Ordinal0 [0x00A25B35+1268533]
BaseThreadInitThunk [0x75886359+25]
RtlGetAppContainerNamedObjectPath [0x76FB7B74+228]
RtlGetAppContainerNamedObjectPath [0x76FB7B44+180]

at cucumber.api.testng.TestNGCucumberRunner.runCucumber(TestNGCucumberRunner.java:69)
at com.qa.runner.TestRunner.feature(TestRunner.java:44)
Caused by: org.openqa.selenium.SessionNotCreatedException: session not created
from chrome not reachable
  (Session info: chrome=80.0.3987.132)
Build info: version: '3.141.59', revision: 'e82be7d358', time: '2018-11-14T08:17:03'
System info: host: 'DESKTOP-QUFA5SU', ip: '192.168.1.8', os.name: 'Windows 10', os.arch: 'amd64', os.version: '10.0', java.version: '1.8.0_161'
Driver info: driver.version: ChromeDriver
remote stacktrace: Backtrace:
Ordinal0 [0x00A90C83+1707139]
Ordinal0 [0x009F68F1+1075441]
Ordinal0 [0x0096DE72+515698]
Ordinal0 [0x00967CA8+490664]
Ordinal0 [0x0096839B+492443]
Ordinal0 [0x009692F5+496373]
Ordinal0 [0x00964F05+478981]
Ordinal0 [0x0096ECA0+519328]
Ordinal0 [0x0091CA67+182887]
Ordinal0 [0x0091BDDD+179677]
Ordinal0 [0x00919D4B+171339]
Ordinal0 [0x00901D4A+73034]
Ordinal0 [0x00902DC0+77248]
Ordinal0 [0x00902D59+77145]
Ordinal0 [0x00A0BB67+1162087]
GetHandleVerifier [0x00B2A966+508998]
GetHandleVerifier [0x00B2A6A4+508292]
GetHandleVerifier [0x00B3F7B7+594583]
GetHandleVerifier [0x00B2B1D6+511158]
Ordinal0 [0x00A0402C+1130540]
Ordinal0 [0x00A0D4CB+1168587]
Ordinal0 [0x00A0D633+1168947]
Ordinal0 [0x00A25B35+1268533]
BaseThreadInitThunk [0x75886359+25]
RtlGetAppContainerNamedObjectPath [0x76FB7B74+228]
RtlGetAppContainerNamedObjectPath [0x76FB7B44+180]

at org.openqa.selenium.remote.W3CHandshakeResponse.lambda$errorHandler$0(W3CHandshakeResponse.java:62)
at org.openqa.selenium.remote.HandshakeResponse.lambda$getResponseFunction$0(HandshakeResponse.java:30)
at org.openqa.selenium.remote.ProtocolHandshake.lambda$createSession$0(ProtocolHandshake.java:126)
at java.util.stream.ReferencePipeline$3$1.accept(ReferencePipeline.java:193)
at java.util.Spliterators$ArraySpliterator.tryAdvance(Spliterators.java:958)
at java.util.stream.ReferencePipeline.forEachWithCancel(ReferencePipeline.java:126)
at java.util.stream.AbstractPipeline.copyIntoWithCancel(AbstractPipeline.java:498)
at java.util.stream.AbstractPipeline.copyInto(AbstractPipeline.java:485)
at java.util.stream.AbstractPipeline.wrapAndCopyInto(AbstractPipeline.java:471)
at java.util.stream.FindOps$FindOp.evaluateSequential(FindOps.java:152)
at java.util.stream.AbstractPipeline.evaluate(AbstractPipeline.java:234)
at java.util.stream.ReferencePipeline.findFirst(ReferencePipeline.java:464)
at org.openqa.selenium.remote.ProtocolHandshake.createSession(ProtocolHandshake.java:128)
at org.openqa.selenium.remote.ProtocolHandshake.createSession(ProtocolHandshake.java:74)
at org.openqa.selenium.remote.HttpCommandExecutor.execute(HttpCommandExecutor.java:136)
at org.openqa.selenium.remote.service.DriverCommandExecutor.execute(DriverCommandExecutor.java:83)
at org.openqa.selenium.remote.RemoteWebDriver.execute(RemoteWebDriver.java:552)
at org.openqa.selenium.remote.RemoteWebDriver.startSession(RemoteWebDriver.java:213)
at org.openqa.selenium.remote.RemoteWebDriver.<init>(RemoteWebDriver.java:131)
at org.openqa.selenium.chrome.ChromeDriver.<init>(ChromeDriver.java:181)
at org.openqa.selenium.chrome.ChromeDriver.<init>(ChromeDriver.java:168)
at org.openqa.selenium.chrome.ChromeDriver.<init>(ChromeDriver.java:123)
at com.qa.pages.BasePage.init_driver(BasePage.java:34)
at com.qa.stepDefinitions.LoginPageSteps.user_opens_the_browser_and_in_login_page(LoginPageSteps.java:40)
at ✽.Given User opens the browser and in login page(01AdminLoginPage.feature:15)
... Removed 33 stack frames]]>
    </failure>
  </testcase> <!-- feature -->
  <testcase name="feature" time="15.478" classname="com.qa.runner.TestRunner">
    <failure type="cucumber.runtime.CucumberException" message="org.openqa.selenium.SessionNotCreatedException: session not created
from chrome not reachable
  (Session info: chrome=80.0.3987.132)
Build info: version: &amp;apos;3.141.59&amp;apos;, revision: &amp;apos;e82be7d358&amp;apos;, time: &amp;apos;2018-11-14T08:17:03&amp;apos;
System info: host: &amp;apos;DESKTOP-QUFA5SU&amp;apos;, ip: &amp;apos;192.168.1.8&amp;apos;, os.name: &amp;apos;Windows 10&amp;apos;, os.arch: &amp;apos;amd64&amp;apos;, os.version: &amp;apos;10.0&amp;apos;, java.version: &amp;apos;1.8.0_161&amp;apos;
Driver info: driver.version: ChromeDriver
remote stacktrace: Backtrace:
	Ordinal0 [0x00A90C83+1707139]
	Ordinal0 [0x009F68F1+1075441]
	Ordinal0 [0x0096DE72+515698]
	Ordinal0 [0x00967CA8+490664]
	Ordinal0 [0x0096839B+492443]
	Ordinal0 [0x009692F5+496373]
	Ordinal0 [0x00964F05+478981]
	Ordinal0 [0x0096ECA0+519328]
	Ordinal0 [0x0091CA67+182887]
	Ordinal0 [0x0091BDDD+179677]
	Ordinal0 [0x00919D4B+171339]
	Ordinal0 [0x00901D4A+73034]
	Ordinal0 [0x00902DC0+77248]
	Ordinal0 [0x00902D59+77145]
	Ordinal0 [0x00A0BB67+1162087]
	GetHandleVerifier [0x00B2A966+508998]
	GetHandleVerifier [0x00B2A6A4+508292]
	GetHandleVerifier [0x00B3F7B7+594583]
	GetHandleVerifier [0x00B2B1D6+511158]
	Ordinal0 [0x00A0402C+1130540]
	Ordinal0 [0x00A0D4CB+1168587]
	Ordinal0 [0x00A0D633+1168947]
	Ordinal0 [0x00A25B35+1268533]
	BaseThreadInitThunk [0x75886359+25]
	RtlGetAppContainerNamedObjectPath [0x76FB7B74+228]
	RtlGetAppContainerNamedObjectPath [0x76FB7B44+180]
">
      <![CDATA[cucumber.runtime.CucumberException: org.openqa.selenium.SessionNotCreatedException: session not created
from chrome not reachable
  (Session info: chrome=80.0.3987.132)
Build info: version: '3.141.59', revision: 'e82be7d358', time: '2018-11-14T08:17:03'
System info: host: 'DESKTOP-QUFA5SU', ip: '192.168.1.8', os.name: 'Windows 10', os.arch: 'amd64', os.version: '10.0', java.version: '1.8.0_161'
Driver info: driver.version: ChromeDriver
remote stacktrace: Backtrace:
Ordinal0 [0x00A90C83+1707139]
Ordinal0 [0x009F68F1+1075441]
Ordinal0 [0x0096DE72+515698]
Ordinal0 [0x00967CA8+490664]
Ordinal0 [0x0096839B+492443]
Ordinal0 [0x009692F5+496373]
Ordinal0 [0x00964F05+478981]
Ordinal0 [0x0096ECA0+519328]
Ordinal0 [0x0091CA67+182887]
Ordinal0 [0x0091BDDD+179677]
Ordinal0 [0x00919D4B+171339]
Ordinal0 [0x00901D4A+73034]
Ordinal0 [0x00902DC0+77248]
Ordinal0 [0x00902D59+77145]
Ordinal0 [0x00A0BB67+1162087]
GetHandleVerifier [0x00B2A966+508998]
GetHandleVerifier [0x00B2A6A4+508292]
GetHandleVerifier [0x00B3F7B7+594583]
GetHandleVerifier [0x00B2B1D6+511158]
Ordinal0 [0x00A0402C+1130540]
Ordinal0 [0x00A0D4CB+1168587]
Ordinal0 [0x00A0D633+1168947]
Ordinal0 [0x00A25B35+1268533]
BaseThreadInitThunk [0x75886359+25]
RtlGetAppContainerNamedObjectPath [0x76FB7B74+228]
RtlGetAppContainerNamedObjectPath [0x76FB7B44+180]

at cucumber.api.testng.TestNGCucumberRunner.runCucumber(TestNGCucumberRunner.java:69)
at com.qa.runner.TestRunner.feature(TestRunner.java:44)
Caused by: org.openqa.selenium.SessionNotCreatedException: session not created
from chrome not reachable
  (Session info: chrome=80.0.3987.132)
Build info: version: '3.141.59', revision: 'e82be7d358', time: '2018-11-14T08:17:03'
System info: host: 'DESKTOP-QUFA5SU', ip: '192.168.1.8', os.name: 'Windows 10', os.arch: 'amd64', os.version: '10.0', java.version: '1.8.0_161'
Driver info: driver.version: ChromeDriver
remote stacktrace: Backtrace:
Ordinal0 [0x00A90C83+1707139]
Ordinal0 [0x009F68F1+1075441]
Ordinal0 [0x0096DE72+515698]
Ordinal0 [0x00967CA8+490664]
Ordinal0 [0x0096839B+492443]
Ordinal0 [0x009692F5+496373]
Ordinal0 [0x00964F05+478981]
Ordinal0 [0x0096ECA0+519328]
Ordinal0 [0x0091CA67+182887]
Ordinal0 [0x0091BDDD+179677]
Ordinal0 [0x00919D4B+171339]
Ordinal0 [0x00901D4A+73034]
Ordinal0 [0x00902DC0+77248]
Ordinal0 [0x00902D59+77145]
Ordinal0 [0x00A0BB67+1162087]
GetHandleVerifier [0x00B2A966+508998]
GetHandleVerifier [0x00B2A6A4+508292]
GetHandleVerifier [0x00B3F7B7+594583]
GetHandleVerifier [0x00B2B1D6+511158]
Ordinal0 [0x00A0402C+1130540]
Ordinal0 [0x00A0D4CB+1168587]
Ordinal0 [0x00A0D633+1168947]
Ordinal0 [0x00A25B35+1268533]
BaseThreadInitThunk [0x75886359+25]
RtlGetAppContainerNamedObjectPath [0x76FB7B74+228]
RtlGetAppContainerNamedObjectPath [0x76FB7B44+180]

at org.openqa.selenium.remote.W3CHandshakeResponse.lambda$errorHandler$0(W3CHandshakeResponse.java:62)
at org.openqa.selenium.remote.HandshakeResponse.lambda$getResponseFunction$0(HandshakeResponse.java:30)
at org.openqa.selenium.remote.ProtocolHandshake.lambda$createSession$0(ProtocolHandshake.java:126)
at java.util.stream.ReferencePipeline$3$1.accept(ReferencePipeline.java:193)
at java.util.Spliterators$ArraySpliterator.tryAdvance(Spliterators.java:958)
at java.util.stream.ReferencePipeline.forEachWithCancel(ReferencePipeline.java:126)
at java.util.stream.AbstractPipeline.copyIntoWithCancel(AbstractPipeline.java:498)
at java.util.stream.AbstractPipeline.copyInto(AbstractPipeline.java:485)
at java.util.stream.AbstractPipeline.wrapAndCopyInto(AbstractPipeline.java:471)
at java.util.stream.FindOps$FindOp.evaluateSequential(FindOps.java:152)
at java.util.stream.AbstractPipeline.evaluate(AbstractPipeline.java:234)
at java.util.stream.ReferencePipeline.findFirst(ReferencePipeline.java:464)
at org.openqa.selenium.remote.ProtocolHandshake.createSession(ProtocolHandshake.java:128)
at org.openqa.selenium.remote.ProtocolHandshake.createSession(ProtocolHandshake.java:74)
at org.openqa.selenium.remote.HttpCommandExecutor.execute(HttpCommandExecutor.java:136)
at org.openqa.selenium.remote.service.DriverCommandExecutor.execute(DriverCommandExecutor.java:83)
at org.openqa.selenium.remote.RemoteWebDriver.execute(RemoteWebDriver.java:552)
at org.openqa.selenium.remote.RemoteWebDriver.startSession(RemoteWebDriver.java:213)
at org.openqa.selenium.remote.RemoteWebDriver.<init>(RemoteWebDriver.java:131)
at org.openqa.selenium.chrome.ChromeDriver.<init>(ChromeDriver.java:181)
at org.openqa.selenium.chrome.ChromeDriver.<init>(ChromeDriver.java:168)
at org.openqa.selenium.chrome.ChromeDriver.<init>(ChromeDriver.java:123)
at com.qa.pages.BasePage.init_driver(BasePage.java:34)
at com.qa.stepDefinitions.HomePageSteps.user_is_in_homepage(HomePageSteps.java:40)
at ✽.Given User is in homepage(02AdminHomePage.feature:6)
... Removed 33 stack frames]]>
    </failure>
  </testcase> <!-- feature -->
</testsuite> <!-- Sanitytest -->
