<!DOCTYPE html PUBLIC "-//W3C//DTD XHTML 1.1//EN" "http://www.w3.org/TR/xhtml11/DTD/xhtml11.dtd">
<html xmlns="http://www.w3.org/1999/xhtml">
<head>
<meta http-equiv="content-type" content="text/html; charset=UTF-8"/>
<title>TestNG Report</title>
<style type="text/css">table {margin-bottom:10px;border-collapse:collapse;empty-cells:show}th,td {border:1px solid #009;padding:.25em .5em}th {vertical-align:bottom}td {vertical-align:top}table a {font-weight:bold}.stripe td {background-color: #E6EBF9}.num {text-align:right}.passedodd td {background-color: #3F3}.passedeven td {background-color: #0A0}.skippedodd td {background-color: #DDD}.skippedeven td {background-color: #CCC}.failedodd td,.attn {background-color: #F33}.failedeven td,.stripe .attn {background-color: #D00}.stacktrace {white-space:pre;font-family:monospace}.totop {font-size:85%;text-align:center;border-bottom:2px solid #000}.invisible {display:none}</style>
</head>
<body>
<table>
<tr><th>Test</th><th># Passed</th><th># Skipped</th><th># Failed</th><th>Time (ms)</th><th>Included Groups</th><th>Excluded Groups</th></tr>
<tr><th colspan="7">FreshbeniesSuite</th></tr>
<tr><td><a href="#t0">Sanitytest</a></td><td class="num">0</td><td class="num">0</td><td class="num attn">2</td><td class="num">111,298</td><td></td><td></td></tr>
</table>
<table id='summary'><thead><tr><th>Class</th><th>Method</th><th>Start</th><th>Time (ms)</th></tr></thead><tbody><tr><th colspan="4">FreshbeniesSuite</th></tr></tbody><tbody id="t0"><tr><th colspan="4">Sanitytest &#8212; failed</th></tr><tr class="failedeven"><td rowspan="2">com.qa.runner.TestRunner</td><td><a href="#m0">feature</a></td><td rowspan="2">1584637897988</td><td rowspan="2">95470</td></tr><tr class="failedeven"><td><a href="#m1">feature</a></td></tr></tbody>
</table>
<h2>Sanitytest</h2><h3 id="m0">com.qa.runner.TestRunner#feature</h3><table class="result"><tr class="param"><th>Parameter #1</th></tr><tr class="param stripe"><td>Freshbenies Admin Loginpage Test.</td></tr><tr><th>Exception</th></tr><tr><td><div class="stacktrace">cucumber.runtime.CucumberException: org.openqa.selenium.SessionNotCreatedException: session not created
from chrome not reachable
  (Session info: chrome=80.0.3987.132)
Build info: version: &apos;3.141.59&apos;, revision: &apos;e82be7d358&apos;, time: &apos;2018-11-14T08:17:03&apos;
System info: host: &apos;DESKTOP-QUFA5SU&apos;, ip: &apos;192.168.1.8&apos;, os.name: &apos;Windows 10&apos;, os.arch: &apos;amd64&apos;, os.version: &apos;10.0&apos;, java.version: &apos;1.8.0_161&apos;
Driver info: driver.version: ChromeDriver
remote stacktrace: Backtrace:
	Ordinal0 [0x00A90C83+1707139]
	Ordinal0 [0x009F68F1+1075441]
	Ordinal0 [0x0096DE72+515698]
	Ordinal0 [0x00967CA8+490664]
	Ordinal0 [0x0096839B+492443]
	Ordinal0 [0x009692F5+496373]
	Ordinal0 [0x00964F05+478981]
	Ordinal0 [0x0096ECA0+519328]
	Ordinal0 [0x0091CA67+182887]
	Ordinal0 [0x0091BDDD+179677]
	Ordinal0 [0x00919D4B+171339]
	Ordinal0 [0x00901D4A+73034]
	Ordinal0 [0x00902DC0+77248]
	Ordinal0 [0x00902D59+77145]
	Ordinal0 [0x00A0BB67+1162087]
	GetHandleVerifier [0x00B2A966+508998]
	GetHandleVerifier [0x00B2A6A4+508292]
	GetHandleVerifier [0x00B3F7B7+594583]
	GetHandleVerifier [0x00B2B1D6+511158]
	Ordinal0 [0x00A0402C+1130540]
	Ordinal0 [0x00A0D4CB+1168587]
	Ordinal0 [0x00A0D633+1168947]
	Ordinal0 [0x00A25B35+1268533]
	BaseThreadInitThunk [0x75886359+25]
	RtlGetAppContainerNamedObjectPath [0x76FB7B74+228]
	RtlGetAppContainerNamedObjectPath [0x76FB7B44+180]

	at cucumber.api.testng.TestNGCucumberRunner.runCucumber(TestNGCucumberRunner.java:69)
	at com.qa.runner.TestRunner.feature(TestRunner.java:44)
Caused by: org.openqa.selenium.SessionNotCreatedException: session not created
from chrome not reachable
  (Session info: chrome=80.0.3987.132)
Build info: version: &apos;3.141.59&apos;, revision: &apos;e82be7d358&apos;, time: &apos;2018-11-14T08:17:03&apos;
System info: host: &apos;DESKTOP-QUFA5SU&apos;, ip: &apos;192.168.1.8&apos;, os.name: &apos;Windows 10&apos;, os.arch: &apos;amd64&apos;, os.version: &apos;10.0&apos;, java.version: &apos;1.8.0_161&apos;
Driver info: driver.version: ChromeDriver
remote stacktrace: Backtrace:
	Ordinal0 [0x00A90C83+1707139]
	Ordinal0 [0x009F68F1+1075441]
	Ordinal0 [0x0096DE72+515698]
	Ordinal0 [0x00967CA8+490664]
	Ordinal0 [0x0096839B+492443]
	Ordinal0 [0x009692F5+496373]
	Ordinal0 [0x00964F05+478981]
	Ordinal0 [0x0096ECA0+519328]
	Ordinal0 [0x0091CA67+182887]
	Ordinal0 [0x0091BDDD+179677]
	Ordinal0 [0x00919D4B+171339]
	Ordinal0 [0x00901D4A+73034]
	Ordinal0 [0x00902DC0+77248]
	Ordinal0 [0x00902D59+77145]
	Ordinal0 [0x00A0BB67+1162087]
	GetHandleVerifier [0x00B2A966+508998]
	GetHandleVerifier [0x00B2A6A4+508292]
	GetHandleVerifier [0x00B3F7B7+594583]
	GetHandleVerifier [0x00B2B1D6+511158]
	Ordinal0 [0x00A0402C+1130540]
	Ordinal0 [0x00A0D4CB+1168587]
	Ordinal0 [0x00A0D633+1168947]
	Ordinal0 [0x00A25B35+1268533]
	BaseThreadInitThunk [0x75886359+25]
	RtlGetAppContainerNamedObjectPath [0x76FB7B74+228]
	RtlGetAppContainerNamedObjectPath [0x76FB7B44+180]

	at org.openqa.selenium.remote.W3CHandshakeResponse.lambda$errorHandler$0(W3CHandshakeResponse.java:62)
	at org.openqa.selenium.remote.HandshakeResponse.lambda$getResponseFunction$0(HandshakeResponse.java:30)
	at org.openqa.selenium.remote.ProtocolHandshake.lambda$createSession$0(ProtocolHandshake.java:126)
	at java.util.stream.ReferencePipeline$3$1.accept(ReferencePipeline.java:193)
	at java.util.Spliterators$ArraySpliterator.tryAdvance(Spliterators.java:958)
	at java.util.stream.ReferencePipeline.forEachWithCancel(ReferencePipeline.java:126)
	at java.util.stream.AbstractPipeline.copyIntoWithCancel(AbstractPipeline.java:498)
	at java.util.stream.AbstractPipeline.copyInto(AbstractPipeline.java:485)
	at java.util.stream.AbstractPipeline.wrapAndCopyInto(AbstractPipeline.java:471)
	at java.util.stream.FindOps$FindOp.evaluateSequential(FindOps.java:152)
	at java.util.stream.AbstractPipeline.evaluate(AbstractPipeline.java:234)
	at java.util.stream.ReferencePipeline.findFirst(ReferencePipeline.java:464)
	at org.openqa.selenium.remote.ProtocolHandshake.createSession(ProtocolHandshake.java:128)
	at org.openqa.selenium.remote.ProtocolHandshake.createSession(ProtocolHandshake.java:74)
	at org.openqa.selenium.remote.HttpCommandExecutor.execute(HttpCommandExecutor.java:136)
	at org.openqa.selenium.remote.service.DriverCommandExecutor.execute(DriverCommandExecutor.java:83)
	at org.openqa.selenium.remote.RemoteWebDriver.execute(RemoteWebDriver.java:552)
	at org.openqa.selenium.remote.RemoteWebDriver.startSession(RemoteWebDriver.java:213)
	at org.openqa.selenium.remote.RemoteWebDriver.&lt;init&gt;(RemoteWebDriver.java:131)
	at org.openqa.selenium.chrome.ChromeDriver.&lt;init&gt;(ChromeDriver.java:181)
	at org.openqa.selenium.chrome.ChromeDriver.&lt;init&gt;(ChromeDriver.java:168)
	at org.openqa.selenium.chrome.ChromeDriver.&lt;init&gt;(ChromeDriver.java:123)
	at com.qa.pages.BasePage.init_driver(BasePage.java:34)
	at com.qa.stepDefinitions.LoginPageSteps.user_opens_the_browser_and_in_login_page(LoginPageSteps.java:40)
	at ✽.Given User opens the browser and in login page(01AdminLoginPage.feature:15)
... Removed 33 stack frames</div></td></tr></table><p class="totop"><a href="#summary">back to summary</a></p>
<h3 id="m1">com.qa.runner.TestRunner#feature</h3><table class="result"><tr class="param"><th>Parameter #1</th></tr><tr class="param stripe"><td>Freshbenies Admin HomePage Test.</td></tr><tr><th>Exception</th></tr><tr><td><div class="stacktrace">cucumber.runtime.CucumberException: org.openqa.selenium.SessionNotCreatedException: session not created
from chrome not reachable
  (Session info: chrome=80.0.3987.132)
Build info: version: &apos;3.141.59&apos;, revision: &apos;e82be7d358&apos;, time: &apos;2018-11-14T08:17:03&apos;
System info: host: &apos;DESKTOP-QUFA5SU&apos;, ip: &apos;192.168.1.8&apos;, os.name: &apos;Windows 10&apos;, os.arch: &apos;amd64&apos;, os.version: &apos;10.0&apos;, java.version: &apos;1.8.0_161&apos;
Driver info: driver.version: ChromeDriver
remote stacktrace: Backtrace:
	Ordinal0 [0x00A90C83+1707139]
	Ordinal0 [0x009F68F1+1075441]
	Ordinal0 [0x0096DE72+515698]
	Ordinal0 [0x00967CA8+490664]
	Ordinal0 [0x0096839B+492443]
	Ordinal0 [0x009692F5+496373]
	Ordinal0 [0x00964F05+478981]
	Ordinal0 [0x0096ECA0+519328]
	Ordinal0 [0x0091CA67+182887]
	Ordinal0 [0x0091BDDD+179677]
	Ordinal0 [0x00919D4B+171339]
	Ordinal0 [0x00901D4A+73034]
	Ordinal0 [0x00902DC0+77248]
	Ordinal0 [0x00902D59+77145]
	Ordinal0 [0x00A0BB67+1162087]
	GetHandleVerifier [0x00B2A966+508998]
	GetHandleVerifier [0x00B2A6A4+508292]
	GetHandleVerifier [0x00B3F7B7+594583]
	GetHandleVerifier [0x00B2B1D6+511158]
	Ordinal0 [0x00A0402C+1130540]
	Ordinal0 [0x00A0D4CB+1168587]
	Ordinal0 [0x00A0D633+1168947]
	Ordinal0 [0x00A25B35+1268533]
	BaseThreadInitThunk [0x75886359+25]
	RtlGetAppContainerNamedObjectPath [0x76FB7B74+228]
	RtlGetAppContainerNamedObjectPath [0x76FB7B44+180]

	at cucumber.api.testng.TestNGCucumberRunner.runCucumber(TestNGCucumberRunner.java:69)
	at com.qa.runner.TestRunner.feature(TestRunner.java:44)
Caused by: org.openqa.selenium.SessionNotCreatedException: session not created
from chrome not reachable
  (Session info: chrome=80.0.3987.132)
Build info: version: &apos;3.141.59&apos;, revision: &apos;e82be7d358&apos;, time: &apos;2018-11-14T08:17:03&apos;
System info: host: &apos;DESKTOP-QUFA5SU&apos;, ip: &apos;192.168.1.8&apos;, os.name: &apos;Windows 10&apos;, os.arch: &apos;amd64&apos;, os.version: &apos;10.0&apos;, java.version: &apos;1.8.0_161&apos;
Driver info: driver.version: ChromeDriver
remote stacktrace: Backtrace:
	Ordinal0 [0x00A90C83+1707139]
	Ordinal0 [0x009F68F1+1075441]
	Ordinal0 [0x0096DE72+515698]
	Ordinal0 [0x00967CA8+490664]
	Ordinal0 [0x0096839B+492443]
	Ordinal0 [0x009692F5+496373]
	Ordinal0 [0x00964F05+478981]
	Ordinal0 [0x0096ECA0+519328]
	Ordinal0 [0x0091CA67+182887]
	Ordinal0 [0x0091BDDD+179677]
	Ordinal0 [0x00919D4B+171339]
	Ordinal0 [0x00901D4A+73034]
	Ordinal0 [0x00902DC0+77248]
	Ordinal0 [0x00902D59+77145]
	Ordinal0 [0x00A0BB67+1162087]
	GetHandleVerifier [0x00B2A966+508998]
	GetHandleVerifier [0x00B2A6A4+508292]
	GetHandleVerifier [0x00B3F7B7+594583]
	GetHandleVerifier [0x00B2B1D6+511158]
	Ordinal0 [0x00A0402C+1130540]
	Ordinal0 [0x00A0D4CB+1168587]
	Ordinal0 [0x00A0D633+1168947]
	Ordinal0 [0x00A25B35+1268533]
	BaseThreadInitThunk [0x75886359+25]
	RtlGetAppContainerNamedObjectPath [0x76FB7B74+228]
	RtlGetAppContainerNamedObjectPath [0x76FB7B44+180]

	at org.openqa.selenium.remote.W3CHandshakeResponse.lambda$errorHandler$0(W3CHandshakeResponse.java:62)
	at org.openqa.selenium.remote.HandshakeResponse.lambda$getResponseFunction$0(HandshakeResponse.java:30)
	at org.openqa.selenium.remote.ProtocolHandshake.lambda$createSession$0(ProtocolHandshake.java:126)
	at java.util.stream.ReferencePipeline$3$1.accept(ReferencePipeline.java:193)
	at java.util.Spliterators$ArraySpliterator.tryAdvance(Spliterators.java:958)
	at java.util.stream.ReferencePipeline.forEachWithCancel(ReferencePipeline.java:126)
	at java.util.stream.AbstractPipeline.copyIntoWithCancel(AbstractPipeline.java:498)
	at java.util.stream.AbstractPipeline.copyInto(AbstractPipeline.java:485)
	at java.util.stream.AbstractPipeline.wrapAndCopyInto(AbstractPipeline.java:471)
	at java.util.stream.FindOps$FindOp.evaluateSequential(FindOps.java:152)
	at java.util.stream.AbstractPipeline.evaluate(AbstractPipeline.java:234)
	at java.util.stream.ReferencePipeline.findFirst(ReferencePipeline.java:464)
	at org.openqa.selenium.remote.ProtocolHandshake.createSession(ProtocolHandshake.java:128)
	at org.openqa.selenium.remote.ProtocolHandshake.createSession(ProtocolHandshake.java:74)
	at org.openqa.selenium.remote.HttpCommandExecutor.execute(HttpCommandExecutor.java:136)
	at org.openqa.selenium.remote.service.DriverCommandExecutor.execute(DriverCommandExecutor.java:83)
	at org.openqa.selenium.remote.RemoteWebDriver.execute(RemoteWebDriver.java:552)
	at org.openqa.selenium.remote.RemoteWebDriver.startSession(RemoteWebDriver.java:213)
	at org.openqa.selenium.remote.RemoteWebDriver.&lt;init&gt;(RemoteWebDriver.java:131)
	at org.openqa.selenium.chrome.ChromeDriver.&lt;init&gt;(ChromeDriver.java:181)
	at org.openqa.selenium.chrome.ChromeDriver.&lt;init&gt;(ChromeDriver.java:168)
	at org.openqa.selenium.chrome.ChromeDriver.&lt;init&gt;(ChromeDriver.java:123)
	at com.qa.pages.BasePage.init_driver(BasePage.java:34)
	at com.qa.stepDefinitions.HomePageSteps.user_is_in_homepage(HomePageSteps.java:40)
	at ✽.Given User is in homepage(02AdminHomePage.feature:6)
... Removed 33 stack frames</div></td></tr></table><p class="totop"><a href="#summary">back to summary</a></p>
</body>
</html>
