<?xml version="1.0" encoding="UTF-8"?>
<testng-results skipped="0" failed="2" ignored="0" total="2" passed="0">
  <reporter-output>
  </reporter-output>
  <suite name="FreshbeniesSuite" duration-ms="111298" started-at="2020-03-19T17:11:37Z" finished-at="2020-03-19T17:13:29Z">
    <groups>
      <group name="cucumber">
        <method signature="TestRunner.feature(cucumber.api.testng.CucumberFeatureWrapper)[pri:0, instance:com.qa.runner.TestRunner@7ac7a4e4]" name="feature" class="com.qa.runner.TestRunner"/>
      </group> <!-- cucumber -->
    </groups>
    <test name="Sanitytest" duration-ms="111298" started-at="2020-03-19T17:11:37Z" finished-at="2020-03-19T17:13:29Z">
      <class name="com.qa.runner.TestRunner">
        <test-method status="PASS" signature="setUpClass()[pri:0, instance:com.qa.runner.TestRunner@7ac7a4e4]" name="setUpClass" is-config="true" duration-ms="156" started-at="2020-03-19T17:11:37Z" finished-at="2020-03-19T17:11:37Z">
          <reporter-output>
          </reporter-output>
        </test-method> <!-- setUpClass -->
        <test-method status="FAIL" signature="feature(cucumber.api.testng.CucumberFeatureWrapper)[pri:0, instance:com.qa.runner.TestRunner@7ac7a4e4]" name="feature" duration-ms="95470" started-at="2020-03-19T17:11:37Z" description="Runs Cucumber Feature" data-provider="features" finished-at="2020-03-19T17:13:13Z">
          <params>
            <param index="0">
              <value>
                <![CDATA[Freshbenies Admin Loginpage Test.]]>
              </value>
            </param>
          </params>
          <exception class="cucumber.runtime.CucumberException">
            <message>
              <![CDATA[org.openqa.selenium.SessionNotCreatedException: session not created
from chrome not reachable
  (Session info: chrome=80.0.3987.132)
Build info: version: '3.141.59', revision: 'e82be7d358', time: '2018-11-14T08:17:03'
System info: host: 'DESKTOP-QUFA5SU', ip: '192.168.1.8', os.name: 'Windows 10', os.arch: 'amd64', os.version: '10.0', java.version: '1.8.0_161'
Driver info: driver.version: ChromeDriver
remote stacktrace: Backtrace:
Ordinal0 [0x00A90C83+1707139]
Ordinal0 [0x009F68F1+1075441]
Ordinal0 [0x0096DE72+515698]
Ordinal0 [0x00967CA8+490664]
Ordinal0 [0x0096839B+492443]
Ordinal0 [0x009692F5+496373]
Ordinal0 [0x00964F05+478981]
Ordinal0 [0x0096ECA0+519328]
Ordinal0 [0x0091CA67+182887]
Ordinal0 [0x0091BDDD+179677]
Ordinal0 [0x00919D4B+171339]
Ordinal0 [0x00901D4A+73034]
Ordinal0 [0x00902DC0+77248]
Ordinal0 [0x00902D59+77145]
Ordinal0 [0x00A0BB67+1162087]
GetHandleVerifier [0x00B2A966+508998]
GetHandleVerifier [0x00B2A6A4+508292]
GetHandleVerifier [0x00B3F7B7+594583]
GetHandleVerifier [0x00B2B1D6+511158]
Ordinal0 [0x00A0402C+1130540]
Ordinal0 [0x00A0D4CB+1168587]
Ordinal0 [0x00A0D633+1168947]
Ordinal0 [0x00A25B35+1268533]
BaseThreadInitThunk [0x75886359+25]
RtlGetAppContainerNamedObjectPath [0x76FB7B74+228]
RtlGetAppContainerNamedObjectPath [0x76FB7B44+180]
]]>
            </message>
            <full-stacktrace>
              <![CDATA[cucumber.runtime.CucumberException: org.openqa.selenium.SessionNotCreatedException: session not created
from chrome not reachable
  (Session info: chrome=80.0.3987.132)
Build info: version: '3.141.59', revision: 'e82be7d358', time: '2018-11-14T08:17:03'
System info: host: 'DESKTOP-QUFA5SU', ip: '192.168.1.8', os.name: 'Windows 10', os.arch: 'amd64', os.version: '10.0', java.version: '1.8.0_161'
Driver info: driver.version: ChromeDriver
remote stacktrace: Backtrace:
Ordinal0 [0x00A90C83+1707139]
Ordinal0 [0x009F68F1+1075441]
Ordinal0 [0x0096DE72+515698]
Ordinal0 [0x00967CA8+490664]
Ordinal0 [0x0096839B+492443]
Ordinal0 [0x009692F5+496373]
Ordinal0 [0x00964F05+478981]
Ordinal0 [0x0096ECA0+519328]
Ordinal0 [0x0091CA67+182887]
Ordinal0 [0x0091BDDD+179677]
Ordinal0 [0x00919D4B+171339]
Ordinal0 [0x00901D4A+73034]
Ordinal0 [0x00902DC0+77248]
Ordinal0 [0x00902D59+77145]
Ordinal0 [0x00A0BB67+1162087]
GetHandleVerifier [0x00B2A966+508998]
GetHandleVerifier [0x00B2A6A4+508292]
GetHandleVerifier [0x00B3F7B7+594583]
GetHandleVerifier [0x00B2B1D6+511158]
Ordinal0 [0x00A0402C+1130540]
Ordinal0 [0x00A0D4CB+1168587]
Ordinal0 [0x00A0D633+1168947]
Ordinal0 [0x00A25B35+1268533]
BaseThreadInitThunk [0x75886359+25]
RtlGetAppContainerNamedObjectPath [0x76FB7B74+228]
RtlGetAppContainerNamedObjectPath [0x76FB7B44+180]

at cucumber.api.testng.TestNGCucumberRunner.runCucumber(TestNGCucumberRunner.java:69)
at com.qa.runner.TestRunner.feature(TestRunner.java:44)
at sun.reflect.NativeMethodAccessorImpl.invoke0(Native Method)
at sun.reflect.NativeMethodAccessorImpl.invoke(NativeMethodAccessorImpl.java:62)
at sun.reflect.DelegatingMethodAccessorImpl.invoke(DelegatingMethodAccessorImpl.java:43)
at java.lang.reflect.Method.invoke(Method.java:498)
at org.testng.internal.MethodInvocationHelper.invokeMethod(MethodInvocationHelper.java:124)
at org.testng.internal.Invoker.invokeMethod(Invoker.java:583)
at org.testng.internal.Invoker.invokeTestMethod(Invoker.java:719)
at org.testng.internal.Invoker.invokeTestMethods(Invoker.java:989)
at org.testng.internal.TestMethodWorker.invokeTestMethods(TestMethodWorker.java:125)
at org.testng.internal.TestMethodWorker.run(TestMethodWorker.java:109)
at org.testng.TestRunner.privateRun(TestRunner.java:648)
at org.testng.TestRunner.run(TestRunner.java:505)
at org.testng.SuiteRunner.runTest(SuiteRunner.java:455)
at org.testng.SuiteRunner.runSequentially(SuiteRunner.java:450)
at org.testng.SuiteRunner.privateRun(SuiteRunner.java:415)
at org.testng.SuiteRunner.run(SuiteRunner.java:364)
at org.testng.SuiteRunnerWorker.runSuite(SuiteRunnerWorker.java:52)
at org.testng.SuiteRunnerWorker.run(SuiteRunnerWorker.java:84)
at org.testng.TestNG.runSuitesSequentially(TestNG.java:1208)
at org.testng.TestNG.runSuitesLocally(TestNG.java:1137)
at org.testng.TestNG.runSuites(TestNG.java:1049)
at org.testng.TestNG.run(TestNG.java:1017)
at org.apache.maven.surefire.testng.TestNGExecutor.run(TestNGExecutor.java:283)
at org.apache.maven.surefire.testng.TestNGXmlTestSuite.execute(TestNGXmlTestSuite.java:75)
at org.apache.maven.surefire.testng.TestNGProvider.invoke(TestNGProvider.java:120)
at org.apache.maven.surefire.booter.ForkedBooter.invokeProviderInSameClassLoader(ForkedBooter.java:384)
at org.apache.maven.surefire.booter.ForkedBooter.runSuitesInProcess(ForkedBooter.java:345)
at org.apache.maven.surefire.booter.ForkedBooter.execute(ForkedBooter.java:126)
at org.apache.maven.surefire.booter.ForkedBooter.main(ForkedBooter.java:418)
Caused by: org.openqa.selenium.SessionNotCreatedException: session not created
from chrome not reachable
  (Session info: chrome=80.0.3987.132)
Build info: version: '3.141.59', revision: 'e82be7d358', time: '2018-11-14T08:17:03'
System info: host: 'DESKTOP-QUFA5SU', ip: '192.168.1.8', os.name: 'Windows 10', os.arch: 'amd64', os.version: '10.0', java.version: '1.8.0_161'
Driver info: driver.version: ChromeDriver
remote stacktrace: Backtrace:
Ordinal0 [0x00A90C83+1707139]
Ordinal0 [0x009F68F1+1075441]
Ordinal0 [0x0096DE72+515698]
Ordinal0 [0x00967CA8+490664]
Ordinal0 [0x0096839B+492443]
Ordinal0 [0x009692F5+496373]
Ordinal0 [0x00964F05+478981]
Ordinal0 [0x0096ECA0+519328]
Ordinal0 [0x0091CA67+182887]
Ordinal0 [0x0091BDDD+179677]
Ordinal0 [0x00919D4B+171339]
Ordinal0 [0x00901D4A+73034]
Ordinal0 [0x00902DC0+77248]
Ordinal0 [0x00902D59+77145]
Ordinal0 [0x00A0BB67+1162087]
GetHandleVerifier [0x00B2A966+508998]
GetHandleVerifier [0x00B2A6A4+508292]
GetHandleVerifier [0x00B3F7B7+594583]
GetHandleVerifier [0x00B2B1D6+511158]
Ordinal0 [0x00A0402C+1130540]
Ordinal0 [0x00A0D4CB+1168587]
Ordinal0 [0x00A0D633+1168947]
Ordinal0 [0x00A25B35+1268533]
BaseThreadInitThunk [0x75886359+25]
RtlGetAppContainerNamedObjectPath [0x76FB7B74+228]
RtlGetAppContainerNamedObjectPath [0x76FB7B44+180]

at sun.reflect.NativeConstructorAccessorImpl.newInstance0(Native Method)
at sun.reflect.NativeConstructorAccessorImpl.newInstance(NativeConstructorAccessorImpl.java:62)
at sun.reflect.DelegatingConstructorAccessorImpl.newInstance(DelegatingConstructorAccessorImpl.java:45)
at java.lang.reflect.Constructor.newInstance(Constructor.java:423)
at org.openqa.selenium.remote.W3CHandshakeResponse.lambda$errorHandler$0(W3CHandshakeResponse.java:62)
at org.openqa.selenium.remote.HandshakeResponse.lambda$getResponseFunction$0(HandshakeResponse.java:30)
at org.openqa.selenium.remote.ProtocolHandshake.lambda$createSession$0(ProtocolHandshake.java:126)
at java.util.stream.ReferencePipeline$3$1.accept(ReferencePipeline.java:193)
at java.util.Spliterators$ArraySpliterator.tryAdvance(Spliterators.java:958)
at java.util.stream.ReferencePipeline.forEachWithCancel(ReferencePipeline.java:126)
at java.util.stream.AbstractPipeline.copyIntoWithCancel(AbstractPipeline.java:498)
at java.util.stream.AbstractPipeline.copyInto(AbstractPipeline.java:485)
at java.util.stream.AbstractPipeline.wrapAndCopyInto(AbstractPipeline.java:471)
at java.util.stream.FindOps$FindOp.evaluateSequential(FindOps.java:152)
at java.util.stream.AbstractPipeline.evaluate(AbstractPipeline.java:234)
at java.util.stream.ReferencePipeline.findFirst(ReferencePipeline.java:464)
at org.openqa.selenium.remote.ProtocolHandshake.createSession(ProtocolHandshake.java:128)
at org.openqa.selenium.remote.ProtocolHandshake.createSession(ProtocolHandshake.java:74)
at org.openqa.selenium.remote.HttpCommandExecutor.execute(HttpCommandExecutor.java:136)
at org.openqa.selenium.remote.service.DriverCommandExecutor.execute(DriverCommandExecutor.java:83)
at org.openqa.selenium.remote.RemoteWebDriver.execute(RemoteWebDriver.java:552)
at org.openqa.selenium.remote.RemoteWebDriver.startSession(RemoteWebDriver.java:213)
at org.openqa.selenium.remote.RemoteWebDriver.<init>(RemoteWebDriver.java:131)
at org.openqa.selenium.chrome.ChromeDriver.<init>(ChromeDriver.java:181)
at org.openqa.selenium.chrome.ChromeDriver.<init>(ChromeDriver.java:168)
at org.openqa.selenium.chrome.ChromeDriver.<init>(ChromeDriver.java:123)
at com.qa.pages.BasePage.init_driver(BasePage.java:34)
at com.qa.stepDefinitions.LoginPageSteps.user_opens_the_browser_and_in_login_page(LoginPageSteps.java:40)
at ✽.Given User opens the browser and in login page(01AdminLoginPage.feature:15)
]]>
            </full-stacktrace>
          </exception> <!-- cucumber.runtime.CucumberException -->
          <reporter-output>
          </reporter-output>
        </test-method> <!-- feature -->
        <test-method status="FAIL" signature="feature(cucumber.api.testng.CucumberFeatureWrapper)[pri:0, instance:com.qa.runner.TestRunner@7ac7a4e4]" name="feature" duration-ms="15478" started-at="2020-03-19T17:13:13Z" description="Runs Cucumber Feature" data-provider="features" finished-at="2020-03-19T17:13:28Z">
          <params>
            <param index="0">
              <value>
                <![CDATA[Freshbenies Admin HomePage Test.]]>
              </value>
            </param>
          </params>
          <exception class="cucumber.runtime.CucumberException">
            <message>
              <![CDATA[org.openqa.selenium.SessionNotCreatedException: session not created
from chrome not reachable
  (Session info: chrome=80.0.3987.132)
Build info: version: '3.141.59', revision: 'e82be7d358', time: '2018-11-14T08:17:03'
System info: host: 'DESKTOP-QUFA5SU', ip: '192.168.1.8', os.name: 'Windows 10', os.arch: 'amd64', os.version: '10.0', java.version: '1.8.0_161'
Driver info: driver.version: ChromeDriver
remote stacktrace: Backtrace:
Ordinal0 [0x00A90C83+1707139]
Ordinal0 [0x009F68F1+1075441]
Ordinal0 [0x0096DE72+515698]
Ordinal0 [0x00967CA8+490664]
Ordinal0 [0x0096839B+492443]
Ordinal0 [0x009692F5+496373]
Ordinal0 [0x00964F05+478981]
Ordinal0 [0x0096ECA0+519328]
Ordinal0 [0x0091CA67+182887]
Ordinal0 [0x0091BDDD+179677]
Ordinal0 [0x00919D4B+171339]
Ordinal0 [0x00901D4A+73034]
Ordinal0 [0x00902DC0+77248]
Ordinal0 [0x00902D59+77145]
Ordinal0 [0x00A0BB67+1162087]
GetHandleVerifier [0x00B2A966+508998]
GetHandleVerifier [0x00B2A6A4+508292]
GetHandleVerifier [0x00B3F7B7+594583]
GetHandleVerifier [0x00B2B1D6+511158]
Ordinal0 [0x00A0402C+1130540]
Ordinal0 [0x00A0D4CB+1168587]
Ordinal0 [0x00A0D633+1168947]
Ordinal0 [0x00A25B35+1268533]
BaseThreadInitThunk [0x75886359+25]
RtlGetAppContainerNamedObjectPath [0x76FB7B74+228]
RtlGetAppContainerNamedObjectPath [0x76FB7B44+180]
]]>
            </message>
            <full-stacktrace>
              <![CDATA[cucumber.runtime.CucumberException: org.openqa.selenium.SessionNotCreatedException: session not created
from chrome not reachable
  (Session info: chrome=80.0.3987.132)
Build info: version: '3.141.59', revision: 'e82be7d358', time: '2018-11-14T08:17:03'
System info: host: 'DESKTOP-QUFA5SU', ip: '192.168.1.8', os.name: 'Windows 10', os.arch: 'amd64', os.version: '10.0', java.version: '1.8.0_161'
Driver info: driver.version: ChromeDriver
remote stacktrace: Backtrace:
Ordinal0 [0x00A90C83+1707139]
Ordinal0 [0x009F68F1+1075441]
Ordinal0 [0x0096DE72+515698]
Ordinal0 [0x00967CA8+490664]
Ordinal0 [0x0096839B+492443]
Ordinal0 [0x009692F5+496373]
Ordinal0 [0x00964F05+478981]
Ordinal0 [0x0096ECA0+519328]
Ordinal0 [0x0091CA67+182887]
Ordinal0 [0x0091BDDD+179677]
Ordinal0 [0x00919D4B+171339]
Ordinal0 [0x00901D4A+73034]
Ordinal0 [0x00902DC0+77248]
Ordinal0 [0x00902D59+77145]
Ordinal0 [0x00A0BB67+1162087]
GetHandleVerifier [0x00B2A966+508998]
GetHandleVerifier [0x00B2A6A4+508292]
GetHandleVerifier [0x00B3F7B7+594583]
GetHandleVerifier [0x00B2B1D6+511158]
Ordinal0 [0x00A0402C+1130540]
Ordinal0 [0x00A0D4CB+1168587]
Ordinal0 [0x00A0D633+1168947]
Ordinal0 [0x00A25B35+1268533]
BaseThreadInitThunk [0x75886359+25]
RtlGetAppContainerNamedObjectPath [0x76FB7B74+228]
RtlGetAppContainerNamedObjectPath [0x76FB7B44+180]

at cucumber.api.testng.TestNGCucumberRunner.runCucumber(TestNGCucumberRunner.java:69)
at com.qa.runner.TestRunner.feature(TestRunner.java:44)
at sun.reflect.NativeMethodAccessorImpl.invoke0(Native Method)
at sun.reflect.NativeMethodAccessorImpl.invoke(NativeMethodAccessorImpl.java:62)
at sun.reflect.DelegatingMethodAccessorImpl.invoke(DelegatingMethodAccessorImpl.java:43)
at java.lang.reflect.Method.invoke(Method.java:498)
at org.testng.internal.MethodInvocationHelper.invokeMethod(MethodInvocationHelper.java:124)
at org.testng.internal.Invoker.invokeMethod(Invoker.java:583)
at org.testng.internal.Invoker.invokeTestMethod(Invoker.java:719)
at org.testng.internal.Invoker.invokeTestMethods(Invoker.java:989)
at org.testng.internal.TestMethodWorker.invokeTestMethods(TestMethodWorker.java:125)
at org.testng.internal.TestMethodWorker.run(TestMethodWorker.java:109)
at org.testng.TestRunner.privateRun(TestRunner.java:648)
at org.testng.TestRunner.run(TestRunner.java:505)
at org.testng.SuiteRunner.runTest(SuiteRunner.java:455)
at org.testng.SuiteRunner.runSequentially(SuiteRunner.java:450)
at org.testng.SuiteRunner.privateRun(SuiteRunner.java:415)
at org.testng.SuiteRunner.run(SuiteRunner.java:364)
at org.testng.SuiteRunnerWorker.runSuite(SuiteRunnerWorker.java:52)
at org.testng.SuiteRunnerWorker.run(SuiteRunnerWorker.java:84)
at org.testng.TestNG.runSuitesSequentially(TestNG.java:1208)
at org.testng.TestNG.runSuitesLocally(TestNG.java:1137)
at org.testng.TestNG.runSuites(TestNG.java:1049)
at org.testng.TestNG.run(TestNG.java:1017)
at org.apache.maven.surefire.testng.TestNGExecutor.run(TestNGExecutor.java:283)
at org.apache.maven.surefire.testng.TestNGXmlTestSuite.execute(TestNGXmlTestSuite.java:75)
at org.apache.maven.surefire.testng.TestNGProvider.invoke(TestNGProvider.java:120)
at org.apache.maven.surefire.booter.ForkedBooter.invokeProviderInSameClassLoader(ForkedBooter.java:384)
at org.apache.maven.surefire.booter.ForkedBooter.runSuitesInProcess(ForkedBooter.java:345)
at org.apache.maven.surefire.booter.ForkedBooter.execute(ForkedBooter.java:126)
at org.apache.maven.surefire.booter.ForkedBooter.main(ForkedBooter.java:418)
Caused by: org.openqa.selenium.SessionNotCreatedException: session not created
from chrome not reachable
  (Session info: chrome=80.0.3987.132)
Build info: version: '3.141.59', revision: 'e82be7d358', time: '2018-11-14T08:17:03'
System info: host: 'DESKTOP-QUFA5SU', ip: '192.168.1.8', os.name: 'Windows 10', os.arch: 'amd64', os.version: '10.0', java.version: '1.8.0_161'
Driver info: driver.version: ChromeDriver
remote stacktrace: Backtrace:
Ordinal0 [0x00A90C83+1707139]
Ordinal0 [0x009F68F1+1075441]
Ordinal0 [0x0096DE72+515698]
Ordinal0 [0x00967CA8+490664]
Ordinal0 [0x0096839B+492443]
Ordinal0 [0x009692F5+496373]
Ordinal0 [0x00964F05+478981]
Ordinal0 [0x0096ECA0+519328]
Ordinal0 [0x0091CA67+182887]
Ordinal0 [0x0091BDDD+179677]
Ordinal0 [0x00919D4B+171339]
Ordinal0 [0x00901D4A+73034]
Ordinal0 [0x00902DC0+77248]
Ordinal0 [0x00902D59+77145]
Ordinal0 [0x00A0BB67+1162087]
GetHandleVerifier [0x00B2A966+508998]
GetHandleVerifier [0x00B2A6A4+508292]
GetHandleVerifier [0x00B3F7B7+594583]
GetHandleVerifier [0x00B2B1D6+511158]
Ordinal0 [0x00A0402C+1130540]
Ordinal0 [0x00A0D4CB+1168587]
Ordinal0 [0x00A0D633+1168947]
Ordinal0 [0x00A25B35+1268533]
BaseThreadInitThunk [0x75886359+25]
RtlGetAppContainerNamedObjectPath [0x76FB7B74+228]
RtlGetAppContainerNamedObjectPath [0x76FB7B44+180]

at sun.reflect.NativeConstructorAccessorImpl.newInstance0(Native Method)
at sun.reflect.NativeConstructorAccessorImpl.newInstance(NativeConstructorAccessorImpl.java:62)
at sun.reflect.DelegatingConstructorAccessorImpl.newInstance(DelegatingConstructorAccessorImpl.java:45)
at java.lang.reflect.Constructor.newInstance(Constructor.java:423)
at org.openqa.selenium.remote.W3CHandshakeResponse.lambda$errorHandler$0(W3CHandshakeResponse.java:62)
at org.openqa.selenium.remote.HandshakeResponse.lambda$getResponseFunction$0(HandshakeResponse.java:30)
at org.openqa.selenium.remote.ProtocolHandshake.lambda$createSession$0(ProtocolHandshake.java:126)
at java.util.stream.ReferencePipeline$3$1.accept(ReferencePipeline.java:193)
at java.util.Spliterators$ArraySpliterator.tryAdvance(Spliterators.java:958)
at java.util.stream.ReferencePipeline.forEachWithCancel(ReferencePipeline.java:126)
at java.util.stream.AbstractPipeline.copyIntoWithCancel(AbstractPipeline.java:498)
at java.util.stream.AbstractPipeline.copyInto(AbstractPipeline.java:485)
at java.util.stream.AbstractPipeline.wrapAndCopyInto(AbstractPipeline.java:471)
at java.util.stream.FindOps$FindOp.evaluateSequential(FindOps.java:152)
at java.util.stream.AbstractPipeline.evaluate(AbstractPipeline.java:234)
at java.util.stream.ReferencePipeline.findFirst(ReferencePipeline.java:464)
at org.openqa.selenium.remote.ProtocolHandshake.createSession(ProtocolHandshake.java:128)
at org.openqa.selenium.remote.ProtocolHandshake.createSession(ProtocolHandshake.java:74)
at org.openqa.selenium.remote.HttpCommandExecutor.execute(HttpCommandExecutor.java:136)
at org.openqa.selenium.remote.service.DriverCommandExecutor.execute(DriverCommandExecutor.java:83)
at org.openqa.selenium.remote.RemoteWebDriver.execute(RemoteWebDriver.java:552)
at org.openqa.selenium.remote.RemoteWebDriver.startSession(RemoteWebDriver.java:213)
at org.openqa.selenium.remote.RemoteWebDriver.<init>(RemoteWebDriver.java:131)
at org.openqa.selenium.chrome.ChromeDriver.<init>(ChromeDriver.java:181)
at org.openqa.selenium.chrome.ChromeDriver.<init>(ChromeDriver.java:168)
at org.openqa.selenium.chrome.ChromeDriver.<init>(ChromeDriver.java:123)
at com.qa.pages.BasePage.init_driver(BasePage.java:34)
at com.qa.stepDefinitions.HomePageSteps.user_is_in_homepage(HomePageSteps.java:40)
at ✽.Given User is in homepage(02AdminHomePage.feature:6)
]]>
            </full-stacktrace>
          </exception> <!-- cucumber.runtime.CucumberException -->
          <reporter-output>
          </reporter-output>
        </test-method> <!-- feature -->
        <test-method status="PASS" signature="tearDownClass()[pri:0, instance:com.qa.runner.TestRunner@7ac7a4e4]" name="tearDownClass" is-config="true" duration-ms="127" started-at="2020-03-19T17:13:28Z" finished-at="2020-03-19T17:13:29Z">
          <reporter-output>
          </reporter-output>
        </test-method> <!-- tearDownClass -->
      </class> <!-- com.qa.runner.TestRunner -->
    </test> <!-- Sanitytest -->
  </suite> <!-- FreshbeniesSuite -->
</testng-results>
