-------------------------------------------------------------------------------
Test set: TestSuite
-------------------------------------------------------------------------------
Tests run: 2, Failures: 1, Errors: 0, Skipped: 0, Time elapsed: 209.491 s <<< FAILURE! - in TestSuite
feature(com.qa.runner.TestRunner)  Time elapsed: 57.583 s  <<< FAILURE!
cucumber.runtime.CucumberException: java.lang.AssertionError: expected [Automation | Broker Quick Actions] but found [Automation | Login]
	at com.qa.runner.TestRunner.feature(TestRunner.java:44)
Caused by: java.lang.AssertionError: expected [Automation | Broker Quick Actions] but found [Automation | Login]

