<?xml version="1.0" encoding="UTF-8"?>
<testng-results skipped="0" failed="0" ignored="0" total="2" passed="2">
  <reporter-output>
  </reporter-output>
  <suite name="FreshbeniesSuite" duration-ms="250033" started-at="2020-03-20T10:06:00Z" finished-at="2020-03-20T10:10:10Z">
    <groups>
      <group name="cucumber">
        <method signature="TestRunner.feature(cucumber.api.testng.CucumberFeatureWrapper)[pri:0, instance:com.qa.runner.TestRunner@7ac7a4e4]" name="feature" class="com.qa.runner.TestRunner"/>
      </group> <!-- cucumber -->
    </groups>
    <test name="Sanitytest" duration-ms="250033" started-at="2020-03-20T10:06:00Z" finished-at="2020-03-20T10:10:10Z">
      <class name="com.qa.runner.TestRunner">
        <test-method status="PASS" signature="setUpClass()[pri:0, instance:com.qa.runner.TestRunner@7ac7a4e4]" name="setUpClass" is-config="true" duration-ms="157" started-at="2020-03-20T10:06:00Z" finished-at="2020-03-20T10:06:00Z">
          <reporter-output>
          </reporter-output>
        </test-method> <!-- setUpClass -->
        <test-method status="PASS" signature="feature(cucumber.api.testng.CucumberFeatureWrapper)[pri:0, instance:com.qa.runner.TestRunner@7ac7a4e4]" name="feature" duration-ms="125077" started-at="2020-03-20T10:06:00Z" description="Runs Cucumber Feature" data-provider="features" finished-at="2020-03-20T10:08:05Z">
          <params>
            <param index="0">
              <value>
                <![CDATA[Freshbenies Admin Loginpage Test.]]>
              </value>
            </param>
          </params>
          <reporter-output>
          </reporter-output>
        </test-method> <!-- feature -->
        <test-method status="PASS" signature="feature(cucumber.api.testng.CucumberFeatureWrapper)[pri:0, instance:com.qa.runner.TestRunner@7ac7a4e4]" name="feature" duration-ms="124714" started-at="2020-03-20T10:08:05Z" description="Runs Cucumber Feature" data-provider="features" finished-at="2020-03-20T10:10:10Z">
          <params>
            <param index="0">
              <value>
                <![CDATA[Freshbenies Admin HomePage Test.]]>
              </value>
            </param>
          </params>
          <reporter-output>
          </reporter-output>
        </test-method> <!-- feature -->
        <test-method status="PASS" signature="tearDownClass()[pri:0, instance:com.qa.runner.TestRunner@7ac7a4e4]" name="tearDownClass" is-config="true" duration-ms="0" started-at="2020-03-20T10:10:10Z" finished-at="2020-03-20T10:10:10Z">
          <reporter-output>
          </reporter-output>
        </test-method> <!-- tearDownClass -->
      </class> <!-- com.qa.runner.TestRunner -->
    </test> <!-- Sanitytest -->
  </suite> <!-- FreshbeniesSuite -->
</testng-results>
